DEPRECATION WARNING: config.action_view.debug_rjs will be removed in 3.1, from 3.1 onwards you will need to install prototype-rails to continue to use RJS templates . (called from service at /home/diego/.rvm/rubies/ruby-1.8.7-p352/lib/ruby/1.8/webrick/httpserver.rb:104)


Started GET "/" for 127.0.0.1 at Fri Sep 02 08:45:30 -0300 2011

ActionController::RoutingError (No route matches "/"):
  

Rendered /home/diego/.rvm/gems/ruby-1.8.7-p352@ia/gems/actionpack-3.0.9/lib/action_dispatch/middleware/templates/rescues/routing_error.erb within rescues/layout (0.7ms)
  [1m[36mSQL (0.4ms)[0m  [1m SELECT name
 FROM sqlite_master
 WHERE type = 'table' AND NOT name = 'sqlite_sequence'
[0m
  [1m[35mSQL (0.1ms)[0m  select sqlite_version(*)
  [1m[36mSQL (282.1ms)[0m  [1mCREATE TABLE "schema_migrations" ("version" varchar(255) NOT NULL) [0m
  [1m[35mSQL (0.1ms)[0m  PRAGMA index_list("schema_migrations")
  [1m[36mSQL (82.7ms)[0m  [1mCREATE UNIQUE INDEX "unique_schema_migrations" ON "schema_migrations" ("version")[0m
  [1m[35mSQL (0.3ms)[0m   SELECT name
 FROM sqlite_master
 WHERE type = 'table' AND NOT name = 'sqlite_sequence'
  [1m[36mSQL (0.2ms)[0m  [1m SELECT name
 FROM sqlite_master
 WHERE type = 'table' AND NOT name = 'sqlite_sequence'
[0m
  [1m[35mSQL (0.2ms)[0m  SELECT "schema_migrations"."version" FROM "schema_migrations"
Migrating to CreateSnippets (20110902120351)
  [1m[36mSQL (0.8ms)[0m  [1mCREATE TABLE "snippets" ("id" INTEGER PRIMARY KEY AUTOINCREMENT NOT NULL, "title" varchar(255), "code" text, "language" varchar(255), "created_at" datetime, "updated_at" datetime) [0m
  [1m[35mSQL (0.2ms)[0m  INSERT INTO "schema_migrations" ("version") VALUES ('20110902120351')
  [1m[36mSQL (0.3ms)[0m  [1m SELECT name
 FROM sqlite_master
 WHERE type = 'table' AND NOT name = 'sqlite_sequence'
[0m
  [1m[35mSQL (0.1ms)[0m  SELECT "schema_migrations"."version" FROM "schema_migrations"
  [1m[36mSQL (0.1ms)[0m  [1m SELECT name
 FROM sqlite_master
 WHERE type = 'table' AND NOT name = 'sqlite_sequence'
[0m
  [1m[35mSQL (0.0ms)[0m  PRAGMA index_list("snippets")


Started GET "/" for 127.0.0.1 at Fri Sep 02 09:57:18 -0300 2011
  Processing by SnippetsController#index as HTML
  [1m[36mSnippet Load (0.5ms)[0m  [1mSELECT "snippets".* FROM "snippets"[0m
Rendered snippets/index.html.erb within layouts/application (2.3ms)
Completed 200 OK in 65ms (Views: 5.8ms | ActiveRecord: 0.5ms)


Started GET "/snippets/new" for 127.0.0.1 at Fri Sep 02 10:07:41 -0300 2011
  Processing by SnippetsController#new as HTML
Rendered snippets/new.html.erb within layouts/application (10.8ms)
Completed 200 OK in 22ms (Views: 14.0ms | ActiveRecord: 0.0ms)


Started GET "/snippets/new" for 127.0.0.1 at Fri Sep 02 10:09:01 -0300 2011
  Processing by SnippetsController#new as HTML
Rendered snippets/new.html.erb within layouts/application (8.4ms)
Completed 200 OK in 56ms (Views: 51.4ms | ActiveRecord: 0.0ms)


Started POST "/snippets" for 127.0.0.1 at Fri Sep 02 10:11:41 -0300 2011
  Processing by SnippetsController#create as HTML
  Parameters: {"commit"=>"seila", "authenticity_token"=>"S3UmP2PHNVwJBCILfHiR+wPNBC44Ht6DXUNzOcWQQoY=", "utf8"=>"✓", "snippet"=>{"title"=>"teste", "code"=>"teste", "language"=>"gete"}}
Completed 500 Internal Server Error in 3ms

NoMethodError (undefined method `[]' for :params:Symbol):
  app/controllers/snippets_controller.rb:11:in `create'

Rendered /home/diego/.rvm/gems/ruby-1.8.7-p352@ia/gems/actionpack-3.0.9/lib/action_dispatch/middleware/templates/rescues/_trace.erb (0.9ms)
Rendered /home/diego/.rvm/gems/ruby-1.8.7-p352@ia/gems/actionpack-3.0.9/lib/action_dispatch/middleware/templates/rescues/_request_and_response.erb (5.6ms)
Rendered /home/diego/.rvm/gems/ruby-1.8.7-p352@ia/gems/actionpack-3.0.9/lib/action_dispatch/middleware/templates/rescues/diagnostics.erb within rescues/layout (9.5ms)


Started POST "/snippets" for 127.0.0.1 at Fri Sep 02 10:19:52 -0300 2011
  Processing by SnippetsController#create as HTML
  Parameters: {"commit"=>"seila", "authenticity_token"=>"S3UmP2PHNVwJBCILfHiR+wPNBC44Ht6DXUNzOcWQQoY=", "utf8"=>"✓", "snippet"=>{"title"=>"teste", "code"=>"teste", "language"=>"gete"}}
  [1m[35mSQL (0.2ms)[0m   SELECT name
 FROM sqlite_master
 WHERE type = 'table' AND NOT name = 'sqlite_sequence'
  [1m[36mAREL (0.4ms)[0m  [1mINSERT INTO "snippets" ("updated_at", "created_at", "title", "language", "code") VALUES ('2011-09-02 13:19:52.396102', '2011-09-02 13:19:52.396102', 'teste', 'gete', 'teste')[0m
Redirected to http://localhost:3000/snippets
Completed 302 Found in 169ms


Started GET "/snippets" for 127.0.0.1 at Fri Sep 02 10:19:52 -0300 2011
  Processing by SnippetsController#index as HTML
  [1m[35mSnippet Load (0.4ms)[0m  SELECT "snippets".* FROM "snippets"
Rendered snippets/index.html.erb within layouts/application (6.8ms)
Completed 200 OK in 15ms (Views: 10.1ms | ActiveRecord: 0.9ms)


Started GET "/snippets/1/edit" for 127.0.0.1 at Fri Sep 02 10:24:05 -0300 2011
  Processing by SnippetsController#edit as HTML
  Parameters: {"id"=>"1"}
  [1m[36mSnippet Load (0.1ms)[0m  [1mSELECT "snippets".* FROM "snippets" WHERE "snippets"."id" = 1 LIMIT 1[0m
Rendered snippets/_form.html.erb (6.9ms)
Rendered snippets/edit.html.erb within layouts/application (9.6ms)
Completed 200 OK in 18ms (Views: 12.6ms | ActiveRecord: 0.1ms)


Started POST "/snippets/1" for 127.0.0.1 at Fri Sep 02 10:28:34 -0300 2011
  Processing by SnippetsController#update as HTML
  Parameters: {"commit"=>"seila", "authenticity_token"=>"S3UmP2PHNVwJBCILfHiR+wPNBC44Ht6DXUNzOcWQQoY=", "utf8"=>"✓", "id"=>"1", "snippet"=>{"title"=>"teste2", "code"=>"teste", "language"=>"gete"}}
  [1m[35mSnippet Load (0.1ms)[0m  SELECT "snippets".* FROM "snippets" WHERE "snippets"."id" = 1 LIMIT 1
  [1m[36mAREL (0.3ms)[0m  [1mUPDATE "snippets" SET "updated_at" = '2011-09-02 13:28:34.725262', "title" = 'teste2' WHERE "snippets"."id" = 1[0m
Redirected to http://localhost:3000/snippets
Completed 302 Found in 107ms


Started GET "/snippets" for 127.0.0.1 at Fri Sep 02 10:28:34 -0300 2011
  Processing by SnippetsController#index as HTML
  [1m[35mSnippet Load (0.4ms)[0m  SELECT "snippets".* FROM "snippets"
Rendered snippets/index.html.erb within layouts/application (6.2ms)
Completed 200 OK in 14ms (Views: 9.2ms | ActiveRecord: 0.8ms)


Started GET "/snippets/new" for 127.0.0.1 at Fri Sep 02 10:28:44 -0300 2011
  Processing by SnippetsController#new as HTML
Rendered snippets/_form.html.erb (6.4ms)
Rendered snippets/new.html.erb within layouts/application (8.8ms)
Completed 200 OK in 18ms (Views: 11.8ms | ActiveRecord: 0.0ms)


Started POST "/snippets" for 127.0.0.1 at Fri Sep 02 10:28:53 -0300 2011
  Processing by SnippetsController#create as HTML
  Parameters: {"commit"=>"seila", "authenticity_token"=>"S3UmP2PHNVwJBCILfHiR+wPNBC44Ht6DXUNzOcWQQoY=", "utf8"=>"✓", "snippet"=>{"title"=>"", "code"=>"", "language"=>""}}
Rendered snippets/_form.html.erb (3.3ms)
Rendered snippets/new.html.erb within layouts/application (5.7ms)
Completed 200 OK in 18ms (Views: 8.7ms | ActiveRecord: 0.0ms)


Started POST "/snippets" for 127.0.0.1 at Fri Sep 02 10:29:26 -0300 2011
  Processing by SnippetsController#create as HTML
  Parameters: {"commit"=>"seila", "authenticity_token"=>"S3UmP2PHNVwJBCILfHiR+wPNBC44Ht6DXUNzOcWQQoY=", "utf8"=>"✓", "snippet"=>{"title"=>"", "code"=>"", "language"=>""}}
Rendered snippets/_form.html.erb (49.8ms)
Rendered snippets/new.html.erb within layouts/application (57.4ms)
Completed 500 Internal Server Error in 76ms

ActionView::Template::Error (undefined method `errors_message' for #<ActionView::Helpers::FormBuilder:0x7f3bc89814e8>):
    1: <%= form_for(@snippet) do |f| %>
    2:   <%= f.errors_message %>
    3:   <p>
    4:     <%= f.label :title %>
    5:     <%= f.text_field :title %>
  app/views/snippets/_form.html.erb:2:in `_app_views_snippets__form_html_erb__1552248021_69947372621920_909630'
  app/views/snippets/_form.html.erb:1:in `_app_views_snippets__form_html_erb__1552248021_69947372621920_909630'
  app/views/snippets/new.html.erb:3:in `_app_views_snippets_new_html_erb__606190395_69947372631120_0'
  app/controllers/snippets_controller.rb:21:in `create'

Rendered /home/diego/.rvm/gems/ruby-1.8.7-p352@ia/gems/actionpack-3.0.9/lib/action_dispatch/middleware/templates/rescues/_trace.erb (1.1ms)
Rendered /home/diego/.rvm/gems/ruby-1.8.7-p352@ia/gems/actionpack-3.0.9/lib/action_dispatch/middleware/templates/rescues/_request_and_response.erb (5.8ms)
Rendered /home/diego/.rvm/gems/ruby-1.8.7-p352@ia/gems/actionpack-3.0.9/lib/action_dispatch/middleware/templates/rescues/template_error.erb within rescues/layout (17.2ms)


Started POST "/snippets" for 127.0.0.1 at Fri Sep 02 10:29:38 -0300 2011
  Processing by SnippetsController#create as HTML
  Parameters: {"commit"=>"seila", "authenticity_token"=>"S3UmP2PHNVwJBCILfHiR+wPNBC44Ht6DXUNzOcWQQoY=", "utf8"=>"✓", "snippet"=>{"title"=>"", "code"=>"", "language"=>""}}
Rendered snippets/_form.html.erb (8.5ms)
Rendered snippets/new.html.erb within layouts/application (15.9ms)
Completed 500 Internal Server Error in 35ms

ActionView::Template::Error (undefined method `errors_messages' for #<ActionView::Helpers::FormBuilder:0x7f3bc8b09748>):
    1: <%= form_for(@snippet) do |f| %>
    2:   <%= f.errors_messages %>
    3:   <p>
    4:     <%= f.label :title %>
    5:     <%= f.text_field :title %>
  app/views/snippets/_form.html.erb:2:in `_app_views_snippets__form_html_erb__1552248021_69947373425100_909630'
  app/views/snippets/_form.html.erb:1:in `_app_views_snippets__form_html_erb__1552248021_69947373425100_909630'
  app/views/snippets/new.html.erb:3:in `_app_views_snippets_new_html_erb__606190395_69947373434360_0'
  app/controllers/snippets_controller.rb:21:in `create'

Rendered /home/diego/.rvm/gems/ruby-1.8.7-p352@ia/gems/actionpack-3.0.9/lib/action_dispatch/middleware/templates/rescues/_trace.erb (1.1ms)
Rendered /home/diego/.rvm/gems/ruby-1.8.7-p352@ia/gems/actionpack-3.0.9/lib/action_dispatch/middleware/templates/rescues/_request_and_response.erb (6.3ms)
Rendered /home/diego/.rvm/gems/ruby-1.8.7-p352@ia/gems/actionpack-3.0.9/lib/action_dispatch/middleware/templates/rescues/template_error.erb within rescues/layout (54.8ms)


Started POST "/snippets" for 127.0.0.1 at Fri Sep 02 10:30:20 -0300 2011
  Processing by SnippetsController#create as HTML
  Parameters: {"commit"=>"seila", "authenticity_token"=>"S3UmP2PHNVwJBCILfHiR+wPNBC44Ht6DXUNzOcWQQoY=", "utf8"=>"✓", "snippet"=>{"title"=>"", "code"=>"", "language"=>""}}
DEPRECATION WARNING: f.error_messages was removed from Rails and is now available as a plugin. Please install it with `rails plugin install git://github.com/rails/dynamic_form.git`. (called from _app_views_snippets__form_html_erb__1552248021_69947373002400_909630 at /home/diego/projects/snippets/app/views/snippets/_form.html.erb:2)
Rendered snippets/_form.html.erb (4.1ms)
Rendered snippets/new.html.erb within layouts/application (6.7ms)
Completed 200 OK in 20ms (Views: 9.9ms | ActiveRecord: 0.0ms)


Started POST "/snippets" for 127.0.0.1 at Fri Sep 02 10:31:16 -0300 2011
  Processing by SnippetsController#create as HTML
  Parameters: {"commit"=>"seila", "authenticity_token"=>"S3UmP2PHNVwJBCILfHiR+wPNBC44Ht6DXUNzOcWQQoY=", "utf8"=>"✓", "snippet"=>{"title"=>"", "code"=>"", "language"=>""}}
Rendered snippets/_form.html.erb (5.9ms)
Rendered snippets/new.html.erb within layouts/application (9.4ms)
Completed 200 OK in 83ms (Views: 13.1ms | ActiveRecord: 0.0ms)


Started GET "/snippets" for 127.0.0.1 at Fri Sep 02 10:37:23 -0300 2011
  Processing by SnippetsController#index as HTML
  [1m[36mSnippet Load (0.5ms)[0m  [1mSELECT "snippets".* FROM "snippets"[0m
Rendered snippets/index.html.erb within layouts/application (65.1ms)
Completed 200 OK in 91ms (Views: 68.7ms | ActiveRecord: 0.5ms)


Started POST "/snippets/1" for 127.0.0.1 at Fri Sep 02 10:37:39 -0300 2011
  Processing by SnippetsController#destroy as HTML
  Parameters: {"authenticity_token"=>"S3UmP2PHNVwJBCILfHiR+wPNBC44Ht6DXUNzOcWQQoY=", "id"=>"1"}
  [1m[35mSQL (0.2ms)[0m   SELECT name
 FROM sqlite_master
 WHERE type = 'table' AND NOT name = 'sqlite_sequence'
  [1m[36mSnippet Load (0.2ms)[0m  [1mSELECT "snippets".* FROM "snippets" WHERE "snippets"."id" = 1 LIMIT 1[0m
  [1m[35mAREL (0.4ms)[0m  DELETE FROM "snippets" WHERE "snippets"."id" = 1
Redirected to http://localhost:3000/snippets
Completed 302 Found in 153ms


Started GET "/snippets" for 127.0.0.1 at Fri Sep 02 10:37:39 -0300 2011
  Processing by SnippetsController#index as HTML
  [1m[36mSnippet Load (0.3ms)[0m  [1mSELECT "snippets".* FROM "snippets"[0m
Rendered snippets/index.html.erb within layouts/application (61.0ms)
Completed 200 OK in 72ms (Views: 66.6ms | ActiveRecord: 1.2ms)


Started GET "/snippets/new" for 127.0.0.1 at Fri Sep 02 10:40:47 -0300 2011
  Processing by SnippetsController#new as HTML
Rendered snippets/_form.html.erb (12.4ms)
Rendered snippets/new.html.erb within layouts/application (15.0ms)
Completed 200 OK in 23ms (Views: 18.5ms | ActiveRecord: 0.0ms)


Started POST "/snippets" for 127.0.0.1 at Fri Sep 02 10:41:09 -0300 2011
  Processing by SnippetsController#create as HTML
  Parameters: {"commit"=>"seila", "authenticity_token"=>"S3UmP2PHNVwJBCILfHiR+wPNBC44Ht6DXUNzOcWQQoY=", "utf8"=>"✓", "snippet"=>{"title"=>"teste", "code"=>"<html>\r\n  <body>\r\n  </body>\r\n</html>", "language"=>"htlm"}}
  [1m[35mAREL (0.4ms)[0m  INSERT INTO "snippets" ("code", "language", "created_at", "updated_at", "title") VALUES ('<html>
 <body>
 </body>
</html>', 'htlm', '2011-09-02 13:41:09.494205', '2011-09-02 13:41:09.494205', 'teste')
Redirected to http://localhost:3000/snippets
Completed 302 Found in 157ms


Started GET "/snippets" for 127.0.0.1 at Fri Sep 02 10:41:09 -0300 2011
  Processing by SnippetsController#index as HTML
  [1m[36mSnippet Load (0.8ms)[0m  [1mSELECT "snippets".* FROM "snippets"[0m
Rendered snippets/index.html.erb within layouts/application (64.5ms)
Completed 200 OK in 78ms (Views: 71.1ms | ActiveRecord: 1.2ms)


Started GET "/snippets/2" for 127.0.0.1 at Fri Sep 02 10:41:12 -0300 2011
  Processing by SnippetsController#show as HTML
  Parameters: {"id"=>"2"}
  [1m[35mSnippet Load (0.1ms)[0m  SELECT "snippets".* FROM "snippets" WHERE "snippets"."id" = 2 LIMIT 1
Rendered snippets/show.html.erb within layouts/application (6.5ms)
Completed 200 OK in 16ms (Views: 10.2ms | ActiveRecord: 0.1ms)


Started GET "/snippets/2" for 127.0.0.1 at Fri Sep 02 10:45:20 -0300 2011
  Processing by SnippetsController#show as HTML
  Parameters: {"id"=>"2"}
  [1m[36mSnippet Load (0.1ms)[0m  [1mSELECT "snippets".* FROM "snippets" WHERE "snippets"."id" = 2 LIMIT 1[0m
Rendered snippets/show.html.erb within layouts/application (6.3ms)
Completed 200 OK in 16ms (Views: 10.0ms | ActiveRecord: 0.1ms)
